<?xml version="1.0" encoding="UTF-8"?>
<testsuite xmlns:xsi="http://www.w3.org/2001/XMLSchema-instance" xsi:noNamespaceSchemaLocation="https://maven.apache.org/surefire/maven-surefire-plugin/xsd/surefire-test-report-3.0.xsd" version="3.0" name="br.com.restassuredapitesting.runners.AllTests" time="44.691" tests="26" errors="0" skipped="0" failures="0">
  <properties>
    <property name="sun.desktop" value="windows"/>
    <property name="awt.toolkit" value="sun.awt.windows.WToolkit"/>
    <property name="file.encoding.pkg" value="sun.io"/>
    <property name="java.specification.version" value="1.8"/>
    <property name="sun.cpu.isalist" value="amd64"/>
    <property name="sun.jnu.encoding" value="Cp1252"/>
    <property name="java.class.path" value="C:\Users\User\Desktop\Programação\RestAssuredApiTesting\target\test-classes;C:\Users\User\Desktop\Programação\RestAssuredApiTesting\target\classes;C:\Users\User\.m2\repository\org\projectlombok\lombok\1.18.6\lombok-1.18.6.jar;C:\Users\User\.m2\repository\com\googlecode\json-simple\json-simple\1.1.1\json-simple-1.1.1.jar;C:\Users\User\.m2\repository\junit\junit\4.12\junit-4.12.jar;C:\Users\User\.m2\repository\org\hamcrest\hamcrest-core\1.3\hamcrest-core-1.3.jar;C:\Users\User\.m2\repository\io\rest-assured\rest-assured\3.1.0\rest-assured-3.1.0.jar;C:\Users\User\.m2\repository\org\codehaus\groovy\groovy\2.4.12\groovy-2.4.12.jar;C:\Users\User\.m2\repository\org\codehaus\groovy\groovy-xml\2.4.12\groovy-xml-2.4.12.jar;C:\Users\User\.m2\repository\org\apache\httpcomponents\httpclient\4.5.3\httpclient-4.5.3.jar;C:\Users\User\.m2\repository\org\apache\httpcomponents\httpcore\4.4.6\httpcore-4.4.6.jar;C:\Users\User\.m2\repository\commons-logging\commons-logging\1.2\commons-logging-1.2.jar;C:\Users\User\.m2\repository\commons-codec\commons-codec\1.9\commons-codec-1.9.jar;C:\Users\User\.m2\repository\org\apache\httpcomponents\httpmime\4.5.1\httpmime-4.5.1.jar;C:\Users\User\.m2\repository\org\hamcrest\hamcrest-library\1.3\hamcrest-library-1.3.jar;C:\Users\User\.m2\repository\org\ccil\cowan\tagsoup\tagsoup\1.2.1\tagsoup-1.2.1.jar;C:\Users\User\.m2\repository\io\rest-assured\xml-path\3.1.0\xml-path-3.1.0.jar;C:\Users\User\.m2\repository\javax\xml\bind\jaxb-api\2.2.12\jaxb-api-2.2.12.jar;C:\Users\User\.m2\repository\io\rest-assured\json-schema-validator\3.1.0\json-schema-validator-3.1.0.jar;C:\Users\User\.m2\repository\com\github\fge\json-schema-validator\2.2.6\json-schema-validator-2.2.6.jar;C:\Users\User\.m2\repository\com\google\code\findbugs\jsr305\3.0.0\jsr305-3.0.0.jar;C:\Users\User\.m2\repository\joda-time\joda-time\2.3\joda-time-2.3.jar;C:\Users\User\.m2\repository\com\googlecode\libphonenumber\libphonenumber\6.2\libphonenumber-6.2.jar;C:\Users\User\.m2\repository\com\github\fge\json-schema-core\1.2.5\json-schema-core-1.2.5.jar;C:\Users\User\.m2\repository\com\github\fge\uri-template\0.9\uri-template-0.9.jar;C:\Users\User\.m2\repository\com\github\fge\msg-simple\1.1\msg-simple-1.1.jar;C:\Users\User\.m2\repository\com\github\fge\btf\1.2\btf-1.2.jar;C:\Users\User\.m2\repository\com\google\guava\guava\16.0.1\guava-16.0.1.jar;C:\Users\User\.m2\repository\com\github\fge\jackson-coreutils\1.8\jackson-coreutils-1.8.jar;C:\Users\User\.m2\repository\org\mozilla\rhino\1.7R4\rhino-1.7R4.jar;C:\Users\User\.m2\repository\javax\mail\mailapi\1.4.3\mailapi-1.4.3.jar;C:\Users\User\.m2\repository\javax\activation\activation\1.1\activation-1.1.jar;C:\Users\User\.m2\repository\net\sf\jopt-simple\jopt-simple\4.6\jopt-simple-4.6.jar;C:\Users\User\.m2\repository\com\github\javafaker\javafaker\1.0.2\javafaker-1.0.2.jar;C:\Users\User\.m2\repository\org\apache\commons\commons-lang3\3.5\commons-lang3-3.5.jar;C:\Users\User\.m2\repository\org\yaml\snakeyaml\1.23\snakeyaml-1.23-android.jar;C:\Users\User\.m2\repository\com\github\mifmif\generex\1.0.2\generex-1.0.2.jar;C:\Users\User\.m2\repository\dk\brics\automaton\automaton\1.11-8\automaton-1.11-8.jar;C:\Users\User\.m2\repository\io\rest-assured\json-path\3.1.0\json-path-3.1.0.jar;C:\Users\User\.m2\repository\org\codehaus\groovy\groovy-json\2.4.12\groovy-json-2.4.12.jar;C:\Users\User\.m2\repository\io\rest-assured\rest-assured-common\3.1.0\rest-assured-common-3.1.0.jar;C:\Users\User\.m2\repository\io\qameta\allure\allure-junit4\2.9.0\allure-junit4-2.9.0.jar;C:\Users\User\.m2\repository\io\qameta\allure\allure-java-commons\2.9.0\allure-java-commons-2.9.0.jar;C:\Users\User\.m2\repository\io\qameta\allure\allure-model\2.9.0\allure-model-2.9.0.jar;C:\Users\User\.m2\repository\com\fasterxml\jackson\core\jackson-databind\2.9.7\jackson-databind-2.9.7.jar;C:\Users\User\.m2\repository\com\fasterxml\jackson\core\jackson-annotations\2.9.0\jackson-annotations-2.9.0.jar;C:\Users\User\.m2\repository\com\fasterxml\jackson\core\jackson-core\2.9.7\jackson-core-2.9.7.jar;C:\Users\User\.m2\repository\org\apache\tika\tika-core\1.19.1\tika-core-1.19.1.jar;C:\Users\User\.m2\repository\org\aspectj\aspectjrt\1.9.1\aspectjrt-1.9.1.jar;C:\Users\User\.m2\repository\org\jooq\joor-java-8\0.9.9\joor-java-8-0.9.9.jar;C:\Users\User\.m2\repository\org\slf4j\slf4j-api\1.7.26\slf4j-api-1.7.26.jar;C:\Users\User\.m2\repository\org\slf4j\slf4j-jdk14\1.7.26\slf4j-jdk14-1.7.26.jar;C:\Users\User\.m2\repository\org\json\json\20190722\json-20190722.jar;C:\Users\User\.m2\repository\org\apache\maven\plugins\maven-surefire-plugin\3.0.0-M5\maven-surefire-plugin-3.0.0-M5.jar;C:\Users\User\.m2\repository\org\apache\maven\surefire\maven-surefire-common\3.0.0-M5\maven-surefire-common-3.0.0-M5.jar;C:\Users\User\.m2\repository\org\apache\maven\surefire\surefire-api\3.0.0-M5\surefire-api-3.0.0-M5.jar;C:\Users\User\.m2\repository\org\apache\maven\surefire\surefire-logger-api\3.0.0-M5\surefire-logger-api-3.0.0-M5.jar;C:\Users\User\.m2\repository\org\apache\maven\surefire\surefire-extensions-api\3.0.0-M5\surefire-extensions-api-3.0.0-M5.jar;C:\Users\User\.m2\repository\org\apache\maven\surefire\surefire-booter\3.0.0-M5\surefire-booter-3.0.0-M5.jar;C:\Users\User\.m2\repository\org\apache\maven\surefire\surefire-extensions-spi\3.0.0-M5\surefire-extensions-spi-3.0.0-M5.jar;C:\Users\User\.m2\repository\org\apache\maven\maven-toolchain\3.0-alpha-2\maven-toolchain-3.0-alpha-2.jar;C:\Users\User\.m2\repository\org\apache\maven\shared\maven-artifact-transfer\0.11.0\maven-artifact-transfer-0.11.0.jar;C:\Users\User\.m2\repository\org\apache\maven\shared\maven-common-artifact-filters\3.0.1\maven-common-artifact-filters-3.0.1.jar;C:\Users\User\.m2\repository\org\apache\maven\maven-model\3.0\maven-model-3.0.jar;C:\Users\User\.m2\repository\org\apache\maven\maven-plugin-api\3.0\maven-plugin-api-3.0.jar;C:\Users\User\.m2\repository\org\sonatype\sisu\sisu-inject-plexus\1.4.2\sisu-inject-plexus-1.4.2.jar;C:\Users\User\.m2\repository\org\codehaus\plexus\plexus-classworlds\2.2.3\plexus-classworlds-2.2.3.jar;C:\Users\User\.m2\repository\org\sonatype\sisu\sisu-inject-bean\1.4.2\sisu-inject-bean-1.4.2.jar;C:\Users\User\.m2\repository\org\sonatype\sisu\sisu-guice\2.1.7\sisu-guice-2.1.7-noaop.jar;C:\Users\User\.m2\repository\org\apache\maven\shared\maven-shared-utils\3.1.0\maven-shared-utils-3.1.0.jar;C:\Users\User\.m2\repository\commons-io\commons-io\2.5\commons-io-2.5.jar;C:\Users\User\.m2\repository\org\codehaus\plexus\plexus-java\1.0.5\plexus-java-1.0.5.jar;C:\Users\User\.m2\repository\org\ow2\asm\asm\7.2\asm-7.2.jar;C:\Users\User\.m2\repository\com\thoughtworks\qdox\qdox\2.0-M9\qdox-2.0-M9.jar;C:\Users\User\.m2\repository\org\apache\maven\surefire\surefire-shared-utils\3.0.0-M4\surefire-shared-utils-3.0.0-M4.jar;"/>
    <property name="java.vm.vendor" value="Oracle Corporation"/>
    <property name="sun.arch.data.model" value="64"/>
    <property name="user.variant" value=""/>
    <property name="java.vendor.url" value="http://java.oracle.com/"/>
    <property name="user.timezone" value="GMT-03:00"/>
    <property name="java.vm.specification.version" value="1.8"/>
    <property name="os.name" value="Windows 10"/>
    <property name="user.country" value="BR"/>
    <property name="sun.java.launcher" value="SUN_STANDARD"/>
    <property name="sun.boot.library.path" value="C:\Program Files\Java\jdk1.8.0_333\jre\bin"/>
    <property name="sun.java.command" value="C:\Users\User\AppData\Local\Temp\surefire8093083865059192265\surefirebooter5899091054102918563.jar C:\Users\User\AppData\Local\Temp\surefire8093083865059192265 2022-05-22T20-28-28_283-jvmRun1 surefire3040883766304778689tmp surefire_0474283459416974442tmp"/>
    <property name="surefire.test.class.path" value="C:\Users\User\Desktop\Programação\RestAssuredApiTesting\target\test-classes;C:\Users\User\Desktop\Programação\RestAssuredApiTesting\target\classes;C:\Users\User\.m2\repository\org\projectlombok\lombok\1.18.6\lombok-1.18.6.jar;C:\Users\User\.m2\repository\com\googlecode\json-simple\json-simple\1.1.1\json-simple-1.1.1.jar;C:\Users\User\.m2\repository\junit\junit\4.12\junit-4.12.jar;C:\Users\User\.m2\repository\org\hamcrest\hamcrest-core\1.3\hamcrest-core-1.3.jar;C:\Users\User\.m2\repository\io\rest-assured\rest-assured\3.1.0\rest-assured-3.1.0.jar;C:\Users\User\.m2\repository\org\codehaus\groovy\groovy\2.4.12\groovy-2.4.12.jar;C:\Users\User\.m2\repository\org\codehaus\groovy\groovy-xml\2.4.12\groovy-xml-2.4.12.jar;C:\Users\User\.m2\repository\org\apache\httpcomponents\httpclient\4.5.3\httpclient-4.5.3.jar;C:\Users\User\.m2\repository\org\apache\httpcomponents\httpcore\4.4.6\httpcore-4.4.6.jar;C:\Users\User\.m2\repository\commons-logging\commons-logging\1.2\commons-logging-1.2.jar;C:\Users\User\.m2\repository\commons-codec\commons-codec\1.9\commons-codec-1.9.jar;C:\Users\User\.m2\repository\org\apache\httpcomponents\httpmime\4.5.1\httpmime-4.5.1.jar;C:\Users\User\.m2\repository\org\hamcrest\hamcrest-library\1.3\hamcrest-library-1.3.jar;C:\Users\User\.m2\repository\org\ccil\cowan\tagsoup\tagsoup\1.2.1\tagsoup-1.2.1.jar;C:\Users\User\.m2\repository\io\rest-assured\xml-path\3.1.0\xml-path-3.1.0.jar;C:\Users\User\.m2\repository\javax\xml\bind\jaxb-api\2.2.12\jaxb-api-2.2.12.jar;C:\Users\User\.m2\repository\io\rest-assured\json-schema-validator\3.1.0\json-schema-validator-3.1.0.jar;C:\Users\User\.m2\repository\com\github\fge\json-schema-validator\2.2.6\json-schema-validator-2.2.6.jar;C:\Users\User\.m2\repository\com\google\code\findbugs\jsr305\3.0.0\jsr305-3.0.0.jar;C:\Users\User\.m2\repository\joda-time\joda-time\2.3\joda-time-2.3.jar;C:\Users\User\.m2\repository\com\googlecode\libphonenumber\libphonenumber\6.2\libphonenumber-6.2.jar;C:\Users\User\.m2\repository\com\github\fge\json-schema-core\1.2.5\json-schema-core-1.2.5.jar;C:\Users\User\.m2\repository\com\github\fge\uri-template\0.9\uri-template-0.9.jar;C:\Users\User\.m2\repository\com\github\fge\msg-simple\1.1\msg-simple-1.1.jar;C:\Users\User\.m2\repository\com\github\fge\btf\1.2\btf-1.2.jar;C:\Users\User\.m2\repository\com\google\guava\guava\16.0.1\guava-16.0.1.jar;C:\Users\User\.m2\repository\com\github\fge\jackson-coreutils\1.8\jackson-coreutils-1.8.jar;C:\Users\User\.m2\repository\org\mozilla\rhino\1.7R4\rhino-1.7R4.jar;C:\Users\User\.m2\repository\javax\mail\mailapi\1.4.3\mailapi-1.4.3.jar;C:\Users\User\.m2\repository\javax\activation\activation\1.1\activation-1.1.jar;C:\Users\User\.m2\repository\net\sf\jopt-simple\jopt-simple\4.6\jopt-simple-4.6.jar;C:\Users\User\.m2\repository\com\github\javafaker\javafaker\1.0.2\javafaker-1.0.2.jar;C:\Users\User\.m2\repository\org\apache\commons\commons-lang3\3.5\commons-lang3-3.5.jar;C:\Users\User\.m2\repository\org\yaml\snakeyaml\1.23\snakeyaml-1.23-android.jar;C:\Users\User\.m2\repository\com\github\mifmif\generex\1.0.2\generex-1.0.2.jar;C:\Users\User\.m2\repository\dk\brics\automaton\automaton\1.11-8\automaton-1.11-8.jar;C:\Users\User\.m2\repository\io\rest-assured\json-path\3.1.0\json-path-3.1.0.jar;C:\Users\User\.m2\repository\org\codehaus\groovy\groovy-json\2.4.12\groovy-json-2.4.12.jar;C:\Users\User\.m2\repository\io\rest-assured\rest-assured-common\3.1.0\rest-assured-common-3.1.0.jar;C:\Users\User\.m2\repository\io\qameta\allure\allure-junit4\2.9.0\allure-junit4-2.9.0.jar;C:\Users\User\.m2\repository\io\qameta\allure\allure-java-commons\2.9.0\allure-java-commons-2.9.0.jar;C:\Users\User\.m2\repository\io\qameta\allure\allure-model\2.9.0\allure-model-2.9.0.jar;C:\Users\User\.m2\repository\com\fasterxml\jackson\core\jackson-databind\2.9.7\jackson-databind-2.9.7.jar;C:\Users\User\.m2\repository\com\fasterxml\jackson\core\jackson-annotations\2.9.0\jackson-annotations-2.9.0.jar;C:\Users\User\.m2\repository\com\fasterxml\jackson\core\jackson-core\2.9.7\jackson-core-2.9.7.jar;C:\Users\User\.m2\repository\org\apache\tika\tika-core\1.19.1\tika-core-1.19.1.jar;C:\Users\User\.m2\repository\org\aspectj\aspectjrt\1.9.1\aspectjrt-1.9.1.jar;C:\Users\User\.m2\repository\org\jooq\joor-java-8\0.9.9\joor-java-8-0.9.9.jar;C:\Users\User\.m2\repository\org\slf4j\slf4j-api\1.7.26\slf4j-api-1.7.26.jar;C:\Users\User\.m2\repository\org\slf4j\slf4j-jdk14\1.7.26\slf4j-jdk14-1.7.26.jar;C:\Users\User\.m2\repository\org\json\json\20190722\json-20190722.jar;C:\Users\User\.m2\repository\org\apache\maven\plugins\maven-surefire-plugin\3.0.0-M5\maven-surefire-plugin-3.0.0-M5.jar;C:\Users\User\.m2\repository\org\apache\maven\surefire\maven-surefire-common\3.0.0-M5\maven-surefire-common-3.0.0-M5.jar;C:\Users\User\.m2\repository\org\apache\maven\surefire\surefire-api\3.0.0-M5\surefire-api-3.0.0-M5.jar;C:\Users\User\.m2\repository\org\apache\maven\surefire\surefire-logger-api\3.0.0-M5\surefire-logger-api-3.0.0-M5.jar;C:\Users\User\.m2\repository\org\apache\maven\surefire\surefire-extensions-api\3.0.0-M5\surefire-extensions-api-3.0.0-M5.jar;C:\Users\User\.m2\repository\org\apache\maven\surefire\surefire-booter\3.0.0-M5\surefire-booter-3.0.0-M5.jar;C:\Users\User\.m2\repository\org\apache\maven\surefire\surefire-extensions-spi\3.0.0-M5\surefire-extensions-spi-3.0.0-M5.jar;C:\Users\User\.m2\repository\org\apache\maven\maven-toolchain\3.0-alpha-2\maven-toolchain-3.0-alpha-2.jar;C:\Users\User\.m2\repository\org\apache\maven\shared\maven-artifact-transfer\0.11.0\maven-artifact-transfer-0.11.0.jar;C:\Users\User\.m2\repository\org\apache\maven\shared\maven-common-artifact-filters\3.0.1\maven-common-artifact-filters-3.0.1.jar;C:\Users\User\.m2\repository\org\apache\maven\maven-model\3.0\maven-model-3.0.jar;C:\Users\User\.m2\repository\org\apache\maven\maven-plugin-api\3.0\maven-plugin-api-3.0.jar;C:\Users\User\.m2\repository\org\sonatype\sisu\sisu-inject-plexus\1.4.2\sisu-inject-plexus-1.4.2.jar;C:\Users\User\.m2\repository\org\codehaus\plexus\plexus-classworlds\2.2.3\plexus-classworlds-2.2.3.jar;C:\Users\User\.m2\repository\org\sonatype\sisu\sisu-inject-bean\1.4.2\sisu-inject-bean-1.4.2.jar;C:\Users\User\.m2\repository\org\sonatype\sisu\sisu-guice\2.1.7\sisu-guice-2.1.7-noaop.jar;C:\Users\User\.m2\repository\org\apache\maven\shared\maven-shared-utils\3.1.0\maven-shared-utils-3.1.0.jar;C:\Users\User\.m2\repository\commons-io\commons-io\2.5\commons-io-2.5.jar;C:\Users\User\.m2\repository\org\codehaus\plexus\plexus-java\1.0.5\plexus-java-1.0.5.jar;C:\Users\User\.m2\repository\org\ow2\asm\asm\7.2\asm-7.2.jar;C:\Users\User\.m2\repository\com\thoughtworks\qdox\qdox\2.0-M9\qdox-2.0-M9.jar;C:\Users\User\.m2\repository\org\apache\maven\surefire\surefire-shared-utils\3.0.0-M4\surefire-shared-utils-3.0.0-M4.jar;"/>
    <property name="test" value="AllTests"/>
    <property name="allure.results.directory" value="C:\Users\User\Desktop\Programação\RestAssuredApiTesting\target/allure-results"/>
    <property name="sun.cpu.endian" value="little"/>
    <property name="user.home" value="C:\Users\User"/>
    <property name="user.language" value="pt"/>
    <property name="java.specification.vendor" value="Oracle Corporation"/>
    <property name="java.home" value="C:\Program Files\Java\jdk1.8.0_333\jre"/>
    <property name="basedir" value="C:\Users\User\Desktop\Programação\RestAssuredApiTesting"/>
    <property name="file.separator" value="\"/>
    <property name="line.separator" value="&#10;"/>
    <property name="java.vm.specification.vendor" value="Oracle Corporation"/>
    <property name="java.specification.name" value="Java Platform API Specification"/>
    <property name="java.awt.graphicsenv" value="sun.awt.Win32GraphicsEnvironment"/>
    <property name="surefire.real.class.path" value="C:\Users\User\AppData\Local\Temp\surefire8093083865059192265\surefirebooter5899091054102918563.jar;C:\Users\User\.m2\repository/org/aspectj/aspectjweaver/1.9.1/aspectjweaver-1.9.1.jar"/>
    <property name="sun.boot.class.path" value="C:\Program Files\Java\jdk1.8.0_333\jre\lib\resources.jar;C:\Program Files\Java\jdk1.8.0_333\jre\lib\rt.jar;C:\Program Files\Java\jdk1.8.0_333\jre\lib\sunrsasign.jar;C:\Program Files\Java\jdk1.8.0_333\jre\lib\jsse.jar;C:\Program Files\Java\jdk1.8.0_333\jre\lib\jce.jar;C:\Program Files\Java\jdk1.8.0_333\jre\lib\charsets.jar;C:\Program Files\Java\jdk1.8.0_333\jre\lib\jfr.jar;C:\Program Files\Java\jdk1.8.0_333\jre\classes"/>
    <property name="user.script" value=""/>
    <property name="sun.management.compiler" value="HotSpot 64-Bit Tiered Compilers"/>
    <property name="java.runtime.version" value="1.8.0_333-b02"/>
    <property name="user.name" value="User"/>
    <property name="path.separator" value=";"/>
    <property name="os.version" value="10.0"/>
    <property name="java.endorsed.dirs" value="C:\Program Files\Java\jdk1.8.0_333\jre\lib\endorsed"/>
    <property name="java.runtime.name" value="Java(TM) SE Runtime Environment"/>
    <property name="file.encoding" value="Cp1252"/>
    <property name="java.vm.name" value="Java HotSpot(TM) 64-Bit Server VM"/>
    <property name="localRepository" value="C:\Users\User\.m2\repository"/>
    <property name="java.vendor.url.bug" value="http://bugreport.sun.com/bugreport/"/>
    <property name="java.io.tmpdir" value="C:\Users\User\AppData\Local\Temp\"/>
    <property name="idea.version" value="2022.1.1"/>
    <property name="java.version" value="1.8.0_333"/>
    <property name="user.dir" value="C:\Users\User\Desktop\Programação\RestAssuredApiTesting"/>
    <property name="os.arch" value="amd64"/>
    <property name="java.vm.specification.name" value="Java Virtual Machine Specification"/>
    <property name="java.awt.printerjob" value="sun.awt.windows.WPrinterJob"/>
    <property name="sun.os.patch.level" value=""/>
    <property name="java.library.path" value="C:\Program Files\Java\jdk1.8.0_333\jre\bin;C:\Windows\Sun\Java\bin;C:\Windows\system32;C:\Windows;C:\Program Files\Common Files\Oracle\Java\javapath;C:\Program Files (x86)\Common Files\Oracle\Java\javapath;C:\Program Files (x86)\Razer Chroma SDK\bin;C:\Program Files\Razer Chroma SDK\bin;C:\Program Files (x86)\Razer\ChromaBroadcast\bin;C:\Program Files\Razer\ChromaBroadcast\bin;C:\Program Files\Eclipse Adoptium\jre-11.0.14.9-hotspot\bin;C:\Windows\system32;C:\Windows;C:\Windows\System32\Wbem;C:\Windows\System32\WindowsPowerShell\v1.0\;C:\Windows\System32\OpenSSH\;C:\Program Files\dotnet\;C:\Program Files (x86)\NVIDIA Corporation\PhysX\Common;C:\Program Files\NVIDIA Corporation\NVIDIA NvDLISR;C:\Program Files\Microsoft VS Code\bin;C:\Users\User\AppData\Local\Microsoft\WindowsApps;C:\Program Files\JetBrains\IntelliJ IDEA Community Edition 2021.3.2\bin;C:\Program Files\JetBrains\PyCharm Community Edition 2021.3.2\bin;C:\Windows\system32\config\systemprofile\AppData\Local\Microsoft\WindowsApps;C:\Program Files\nodejs\;C:\Users\User\scoop\shims;C:\Users\User\AppData\Local\Microsoft\WindowsApps;;C:\Program Files\JetBrains\IntelliJ IDEA Community Edition 2021.3.2\bin;;C:\Program Files\JetBrains\PyCharm Community Edition 2021.3.2\bin;;C:\Users\User\AppData\Roaming\npm;."/>
    <property name="java.vm.info" value="mixed mode"/>
    <property name="java.vendor" value="Oracle Corporation"/>
    <property name="java.vm.version" value="25.333-b02"/>
    <property name="java.ext.dirs" value="C:\Program Files\Java\jdk1.8.0_333\jre\lib\ext;C:\Windows\Sun\Java\lib\ext"/>
    <property name="sun.io.unicode.encoding" value="UnicodeLittle"/>
    <property name="java.class.version" value="52.0"/>
  </properties>
  <testcase name="checkListBookingById" classname="br.com.restassuredapitesting.tests.booking.tests.GetBookingTest" time="4.127"/>
  <testcase name="checkListAllBookingsById" classname="br.com.restassuredapitesting.tests.booking.tests.GetBookingTest" time="0.754"/>
  <testcase name="checkListBookingIdsFilteringByCheckout" classname="br.com.restassuredapitesting.tests.booking.tests.GetBookingTest" time="0.808">
    <system-out><![CDATA[HTTP/1.1 200 OK
Server: Cowboy
Connection: keep-alive
X-Powered-By: Express
Content-Type: application/json; charset=utf-8
Content-Length: 2680
Etag: W/"a78-XT8DqRqMykhmRx6Mb77MOxHBgrw"
Date: Sun, 22 May 2022 23:28:37 GMT
Via: 1.1 vegur

[
    {
        "bookingid": 453
    },
    {
        "bookingid": 442
    },
    {
        "bookingid": 455
    },
    {
        "bookingid": 444
    },
    {
        "bookingid": 460
    },
    {
        "bookingid": 322
    },
    {
        "bookingid": 305
    },
    {
        "bookingid": 411
    },
    {
        "bookingid": 303
    },
    {
        "bookingid": 446
    },
    {
        "bookingid": 331
    },
    {
        "bookingid": 309
    },
    {
        "bookingid": 342
    },
    {
        "bookingid": 404
    },
    {
        "bookingid": 306
    },
    {
        "bookingid": 301
    },
    {
        "bookingid": 300
    },
    {
        "bookingid": 307
    },
    {
        "bookingid": 380
    },
    {
        "bookingid": 414
    },
    {
        "bookingid": 377
    },
    {
        "bookingid": 374
    },
    {
        "bookingid": 338
    },
    {
        "bookingid": 389
    },
    {
        "bookingid": 311
    },
    {
        "bookingid": 383
    },
    {
        "bookingid": 252
    },
    {
        "bookingid": 433
    },
    {
        "bookingid": 204
    },
    {
        "bookingid": 318
    },
    {
        "bookingid": 351
    },
    {
        "bookingid": 375
    },
    {
        "bookingid": 398
    },
    {
        "bookingid": 426
    },
    {
        "bookingid": 452
    },
    {
        "bookingid": 451
    },
    {
        "bookingid": 302
    },
    {
        "bookingid": 256
    },
    {
        "bookingid": 334
    },
    {
        "bookingid": 385
    },
    {
        "bookingid": 422
    },
    {
        "bookingid": 339
    },
    {
        "bookingid": 317
    },
    {
        "bookingid": 393
    },
    {
        "bookingid": 205
    },
    {
        "bookingid": 405
    },
    {
        "bookingid": 349
    },
    {
        "bookingid": 217
    },
    {
        "bookingid": 192
    },
    {
        "bookingid": 335
    },
    {
        "bookingid": 203
    },
    {
        "bookingid": 249
    },
    {
        "bookingid": 372
    },
    {
        "bookingid": 435
    },
    {
        "bookingid": 350
    },
    {
        "bookingid": 384
    },
    {
        "bookingid": 310
    },
    {
        "bookingid": 314
    },
    {
        "bookingid": 260
    },
    {
        "bookingid": 400
    },
    {
        "bookingid": 395
    },
    {
        "bookingid": 308
    },
    {
        "bookingid": 407
    },
    {
        "bookingid": 196
    },
    {
        "bookingid": 397
    },
    {
        "bookingid": 424
    },
    {
        "bookingid": 323
    },
    {
        "bookingid": 454
    },
    {
        "bookingid": 391
    },
    {
        "bookingid": 447
    },
    {
        "bookingid": 445
    },
    {
        "bookingid": 312
    },
    {
        "bookingid": 329
    },
    {
        "bookingid": 320
    },
    {
        "bookingid": 319
    },
    {
        "bookingid": 340
    },
    {
        "bookingid": 224
    },
    {
        "bookingid": 436
    },
    {
        "bookingid": 330
    },
    {
        "bookingid": 225
    },
    {
        "bookingid": 409
    },
    {
        "bookingid": 448
    },
    {
        "bookingid": 226
    },
    {
        "bookingid": 337
    },
    {
        "bookingid": 425
    },
    {
        "bookingid": 193
    },
    {
        "bookingid": 235
    },
    {
        "bookingid": 207
    },
    {
        "bookingid": 65
    },
    {
        "bookingid": 403
    },
    {
        "bookingid": 416
    },
    {
        "bookingid": 332
    },
    {
        "bookingid": 254
    },
    {
        "bookingid": 427
    },
    {
        "bookingid": 408
    },
    {
        "bookingid": 423
    },
    {
        "bookingid": 412
    },
    {
        "bookingid": 386
    },
    {
        "bookingid": 284
    },
    {
        "bookingid": 382
    },
    {
        "bookingid": 449
    },
    {
        "bookingid": 250
    },
    {
        "bookingid": 321
    },
    {
        "bookingid": 402
    },
    {
        "bookingid": 258
    },
    {
        "bookingid": 376
    },
    {
        "bookingid": 285
    },
    {
        "bookingid": 379
    },
    {
        "bookingid": 394
    },
    {
        "bookingid": 410
    },
    {
        "bookingid": 373
    },
    {
        "bookingid": 399
    },
    {
        "bookingid": 304
    },
    {
        "bookingid": 299
    },
    {
        "bookingid": 392
    },
    {
        "bookingid": 253
    },
    {
        "bookingid": 336
    },
    {
        "bookingid": 459
    },
    {
        "bookingid": 261
    },
    {
        "bookingid": 63
    },
    {
        "bookingid": 388
    },
    {
        "bookingid": 251
    },
    {
        "bookingid": 428
    },
    {
        "bookingid": 195
    },
    {
        "bookingid": 387
    },
    {
        "bookingid": 457
    },
    {
        "bookingid": 381
    },
    {
        "bookingid": 64
    },
    {
        "bookingid": 328
    },
    {
        "bookingid": 296
    },
    {
        "bookingid": 210
    },
    {
        "bookingid": 450
    },
    {
        "bookingid": 378
    },
    {
        "bookingid": 333
    },
    {
        "bookingid": 406
    },
    {
        "bookingid": 456
    },
    {
        "bookingid": 390
    },
    {
        "bookingid": 215
    },
    {
        "bookingid": 259
    },
    {
        "bookingid": 294
    },
    {
        "bookingid": 206
    },
    {
        "bookingid": 341
    },
    {
        "bookingid": 214
    },
    {
        "bookingid": 401
    },
    {
        "bookingid": 343
    },
    {
        "bookingid": 440
    },
    {
        "bookingid": 216
    },
    {
        "bookingid": 441
    },
    {
        "bookingid": 292
    }
]
]]></system-out>
  </testcase>
  <testcase name="validateBookingsListSchema" classname="br.com.restassuredapitesting.tests.booking.tests.GetBookingTest" time="1.164"/>
  <testcase name="checkListBookingIdsFilteringByCheckin" classname="br.com.restassuredapitesting.tests.booking.tests.GetBookingTest" time="0.746">
    <system-out><![CDATA[HTTP/1.1 200 OK
Server: Cowboy
Connection: keep-alive
X-Powered-By: Express
Content-Type: application/json; charset=utf-8
Content-Length: 2698
Etag: W/"a8a-yDAc4mtWRmSexAU9rSMyhrV9GEs"
Date: Sun, 22 May 2022 23:28:39 GMT
Via: 1.1 vegur

[
    {
        "bookingid": 453
    },
    {
        "bookingid": 442
    },
    {
        "bookingid": 455
    },
    {
        "bookingid": 444
    },
    {
        "bookingid": 460
    },
    {
        "bookingid": 322
    },
    {
        "bookingid": 305
    },
    {
        "bookingid": 411
    },
    {
        "bookingid": 303
    },
    {
        "bookingid": 446
    },
    {
        "bookingid": 331
    },
    {
        "bookingid": 309
    },
    {
        "bookingid": 342
    },
    {
        "bookingid": 404
    },
    {
        "bookingid": 306
    },
    {
        "bookingid": 301
    },
    {
        "bookingid": 300
    },
    {
        "bookingid": 307
    },
    {
        "bookingid": 380
    },
    {
        "bookingid": 414
    },
    {
        "bookingid": 377
    },
    {
        "bookingid": 374
    },
    {
        "bookingid": 338
    },
    {
        "bookingid": 389
    },
    {
        "bookingid": 311
    },
    {
        "bookingid": 383
    },
    {
        "bookingid": 252
    },
    {
        "bookingid": 433
    },
    {
        "bookingid": 204
    },
    {
        "bookingid": 318
    },
    {
        "bookingid": 351
    },
    {
        "bookingid": 375
    },
    {
        "bookingid": 398
    },
    {
        "bookingid": 426
    },
    {
        "bookingid": 452
    },
    {
        "bookingid": 451
    },
    {
        "bookingid": 302
    },
    {
        "bookingid": 256
    },
    {
        "bookingid": 334
    },
    {
        "bookingid": 385
    },
    {
        "bookingid": 422
    },
    {
        "bookingid": 339
    },
    {
        "bookingid": 317
    },
    {
        "bookingid": 393
    },
    {
        "bookingid": 205
    },
    {
        "bookingid": 405
    },
    {
        "bookingid": 349
    },
    {
        "bookingid": 217
    },
    {
        "bookingid": 192
    },
    {
        "bookingid": 335
    },
    {
        "bookingid": 203
    },
    {
        "bookingid": 249
    },
    {
        "bookingid": 372
    },
    {
        "bookingid": 435
    },
    {
        "bookingid": 350
    },
    {
        "bookingid": 384
    },
    {
        "bookingid": 310
    },
    {
        "bookingid": 314
    },
    {
        "bookingid": 260
    },
    {
        "bookingid": 400
    },
    {
        "bookingid": 395
    },
    {
        "bookingid": 308
    },
    {
        "bookingid": 407
    },
    {
        "bookingid": 196
    },
    {
        "bookingid": 397
    },
    {
        "bookingid": 424
    },
    {
        "bookingid": 323
    },
    {
        "bookingid": 454
    },
    {
        "bookingid": 391
    },
    {
        "bookingid": 447
    },
    {
        "bookingid": 445
    },
    {
        "bookingid": 312
    },
    {
        "bookingid": 329
    },
    {
        "bookingid": 320
    },
    {
        "bookingid": 319
    },
    {
        "bookingid": 340
    },
    {
        "bookingid": 224
    },
    {
        "bookingid": 436
    },
    {
        "bookingid": 330
    },
    {
        "bookingid": 225
    },
    {
        "bookingid": 409
    },
    {
        "bookingid": 448
    },
    {
        "bookingid": 226
    },
    {
        "bookingid": 337
    },
    {
        "bookingid": 425
    },
    {
        "bookingid": 193
    },
    {
        "bookingid": 235
    },
    {
        "bookingid": 207
    },
    {
        "bookingid": 65
    },
    {
        "bookingid": 403
    },
    {
        "bookingid": 416
    },
    {
        "bookingid": 332
    },
    {
        "bookingid": 254
    },
    {
        "bookingid": 427
    },
    {
        "bookingid": 408
    },
    {
        "bookingid": 423
    },
    {
        "bookingid": 412
    },
    {
        "bookingid": 386
    },
    {
        "bookingid": 284
    },
    {
        "bookingid": 382
    },
    {
        "bookingid": 449
    },
    {
        "bookingid": 250
    },
    {
        "bookingid": 321
    },
    {
        "bookingid": 402
    },
    {
        "bookingid": 258
    },
    {
        "bookingid": 376
    },
    {
        "bookingid": 285
    },
    {
        "bookingid": 379
    },
    {
        "bookingid": 394
    },
    {
        "bookingid": 410
    },
    {
        "bookingid": 373
    },
    {
        "bookingid": 399
    },
    {
        "bookingid": 304
    },
    {
        "bookingid": 299
    },
    {
        "bookingid": 392
    },
    {
        "bookingid": 253
    },
    {
        "bookingid": 336
    },
    {
        "bookingid": 459
    },
    {
        "bookingid": 261
    },
    {
        "bookingid": 63
    },
    {
        "bookingid": 388
    },
    {
        "bookingid": 251
    },
    {
        "bookingid": 428
    },
    {
        "bookingid": 195
    },
    {
        "bookingid": 387
    },
    {
        "bookingid": 457
    },
    {
        "bookingid": 381
    },
    {
        "bookingid": 64
    },
    {
        "bookingid": 328
    },
    {
        "bookingid": 296
    },
    {
        "bookingid": 210
    },
    {
        "bookingid": 450
    },
    {
        "bookingid": 378
    },
    {
        "bookingid": 333
    },
    {
        "bookingid": 406
    },
    {
        "bookingid": 456
    },
    {
        "bookingid": 390
    },
    {
        "bookingid": 215
    },
    {
        "bookingid": 259
    },
    {
        "bookingid": 294
    },
    {
        "bookingid": 206
    },
    {
        "bookingid": 370
    },
    {
        "bookingid": 341
    },
    {
        "bookingid": 214
    },
    {
        "bookingid": 401
    },
    {
        "bookingid": 343
    },
    {
        "bookingid": 440
    },
    {
        "bookingid": 216
    },
    {
        "bookingid": 441
    },
    {
        "bookingid": 292
    }
]
]]></system-out>
  </testcase>
  <testcase name="checkListBookingIdsFilteringByLastname" classname="br.com.restassuredapitesting.tests.booking.tests.GetBookingTest" time="8.072">
    <system-out><![CDATA[HTTP/1.1 200 OK
Server: Cowboy
Connection: keep-alive
X-Powered-By: Express
Content-Type: application/json; charset=utf-8
Content-Length: 178
Etag: W/"b2-hzSoAFV4WwlMwFOhMAjUJvwQoes"
Date: Sun, 22 May 2022 23:28:40 GMT
Via: 1.1 vegur

[
    {
        "bookingid": 363
    },
    {
        "bookingid": 327
    },
    {
        "bookingid": 124
    },
    {
        "bookingid": 91
    },
    {
        "bookingid": 93
    },
    {
        "bookingid": 123
    },
    {
        "bookingid": 92
    },
    {
        "bookingid": 125
    },
    {
        "bookingid": 370
    },
    {
        "bookingid": 121
    }
]
[363, 327, 124, 91, 93, 123, 92, 125, 370, 121]
]]></system-out>
  </testcase>
  <testcase name="checkListBookingIdsFilteringByCheckinAndCheckout" classname="br.com.restassuredapitesting.tests.booking.tests.GetBookingTest" time="0.729">
    <system-out><![CDATA[HTTP/1.1 200 OK
Server: Cowboy
Connection: keep-alive
X-Powered-By: Express
Content-Type: application/json; charset=utf-8
Content-Length: 109
Etag: W/"6d-mIznyfH9OHo67eSlpnFrHK6Ie/E"
Date: Sun, 22 May 2022 23:28:48 GMT
Via: 1.1 vegur

[
    {
        "bookingid": 444
    },
    {
        "bookingid": 306
    },
    {
        "bookingid": 383
    },
    {
        "bookingid": 402
    },
    {
        "bookingid": 296
    },
    {
        "bookingid": 370
    }
]
]]></system-out>
  </testcase>
  <testcase name="checkListBookingIdsFilteringByFisrtname" classname="br.com.restassuredapitesting.tests.booking.tests.GetBookingTest" time="2.189">
    <system-out><![CDATA[HTTP/1.1 200 OK
Server: Cowboy
Connection: keep-alive
X-Powered-By: Express
Content-Type: application/json; charset=utf-8
Content-Length: 37
Etag: W/"25-9yO7UdrSW3uc1gS2IgTpi79QzPg"
Date: Sun, 22 May 2022 23:28:48 GMT
Via: 1.1 vegur

[
    {
        "bookingid": 490
    },
    {
        "bookingid": 461
    }
]
[490, 461]
]]></system-out>
  </testcase>
  <testcase name="validateListBookingByIdSchema" classname="br.com.restassuredapitesting.tests.booking.tests.GetBookingTest" time="1.461"/>
  <testcase name="tryingToGetBookingsWithBadFiltering" classname="br.com.restassuredapitesting.tests.booking.tests.GetBookingTest" time="0.792">
    <system-out><![CDATA[HTTP/1.1 200 OK
Server: Cowboy
Connection: keep-alive
X-Powered-By: Express
Content-Type: application/json; charset=utf-8
Content-Length: 7226
Etag: W/"1c3a-4MrPOaglnkooe6kL1l2CvZm1c/k"
Date: Sun, 22 May 2022 23:28:52 GMT
Via: 1.1 vegur

[
    {
        "bookingid": 443
    },
    {
        "bookingid": 453
    },
    {
        "bookingid": 442
    },
    {
        "bookingid": 455
    },
    {
        "bookingid": 444
    },
    {
        "bookingid": 460
    },
    {
        "bookingid": 413
    },
    {
        "bookingid": 432
    },
    {
        "bookingid": 223
    },
    {
        "bookingid": 322
    },
    {
        "bookingid": 282
    },
    {
        "bookingid": 305
    },
    {
        "bookingid": 411
    },
    {
        "bookingid": 277
    },
    {
        "bookingid": 297
    },
    {
        "bookingid": 303
    },
    {
        "bookingid": 353
    },
    {
        "bookingid": 446
    },
    {
        "bookingid": 331
    },
    {
        "bookingid": 309
    },
    {
        "bookingid": 286
    },
    {
        "bookingid": 363
    },
    {
        "bookingid": 342
    },
    {
        "bookingid": 327
    },
    {
        "bookingid": 404
    },
    {
        "bookingid": 479
    },
    {
        "bookingid": 420
    },
    {
        "bookingid": 306
    },
    {
        "bookingid": 301
    },
    {
        "bookingid": 421
    },
    {
        "bookingid": 177
    },
    {
        "bookingid": 439
    },
    {
        "bookingid": 300
    },
    {
        "bookingid": 488
    },
    {
        "bookingid": 307
    },
    {
        "bookingid": 229
    },
    {
        "bookingid": 380
    },
    {
        "bookingid": 414
    },
    {
        "bookingid": 377
    },
    {
        "bookingid": 145
    },
    {
        "bookingid": 374
    },
    {
        "bookingid": 338
    },
    {
        "bookingid": 389
    },
    {
        "bookingid": 356
    },
    {
        "bookingid": 175
    },
    {
        "bookingid": 311
    },
    {
        "bookingid": 490
    },
    {
        "bookingid": 383
    },
    {
        "bookingid": 468
    },
    {
        "bookingid": 252
    },
    {
        "bookingid": 202
    },
    {
        "bookingid": 433
    },
    {
        "bookingid": 204
    },
    {
        "bookingid": 89
    },
    {
        "bookingid": 438
    },
    {
        "bookingid": 188
    },
    {
        "bookingid": 367
    },
    {
        "bookingid": 318
    },
    {
        "bookingid": 222
    },
    {
        "bookingid": 351
    },
    {
        "bookingid": 280
    },
    {
        "bookingid": 375
    },
    {
        "bookingid": 134
    },
    {
        "bookingid": 231
    },
    {
        "bookingid": 359
    },
    {
        "bookingid": 19
    },
    {
        "bookingid": 23
    },
    {
        "bookingid": 28
    },
    {
        "bookingid": 80
    },
    {
        "bookingid": 14
    },
    {
        "bookingid": 398
    },
    {
        "bookingid": 270
    },
    {
        "bookingid": 471
    },
    {
        "bookingid": 426
    },
    {
        "bookingid": 114
    },
    {
        "bookingid": 452
    },
    {
        "bookingid": 326
    },
    {
        "bookingid": 272
    },
    {
        "bookingid": 124
    },
    {
        "bookingid": 255
    },
    {
        "bookingid": 451
    },
    {
        "bookingid": 99
    },
    {
        "bookingid": 74
    },
    {
        "bookingid": 357
    },
    {
        "bookingid": 302
    },
    {
        "bookingid": 116
    },
    {
        "bookingid": 369
    },
    {
        "bookingid": 91
    },
    {
        "bookingid": 58
    },
    {
        "bookingid": 163
    },
    {
        "bookingid": 418
    },
    {
        "bookingid": 291
    },
    {
        "bookingid": 256
    },
    {
        "bookingid": 334
    },
    {
        "bookingid": 150
    },
    {
        "bookingid": 385
    },
    {
        "bookingid": 473
    },
    {
        "bookingid": 288
    },
    {
        "bookingid": 422
    },
    {
        "bookingid": 339
    },
    {
        "bookingid": 13
    },
    {
        "bookingid": 136
    },
    {
        "bookingid": 461
    },
    {
        "bookingid": 283
    },
    {
        "bookingid": 137
    },
    {
        "bookingid": 317
    },
    {
        "bookingid": 144
    },
    {
        "bookingid": 393
    },
    {
        "bookingid": 170
    },
    {
        "bookingid": 205
    },
    {
        "bookingid": 239
    },
    {
        "bookingid": 298
    },
    {
        "bookingid": 109
    },
    {
        "bookingid": 20
    },
    {
        "bookingid": 405
    },
    {
        "bookingid": 46
    },
    {
        "bookingid": 56
    },
    {
        "bookingid": 86
    },
    {
        "bookingid": 213
    },
    {
        "bookingid": 119
    },
    {
        "bookingid": 152
    },
    {
        "bookingid": 349
    },
    {
        "bookingid": 217
    },
    {
        "bookingid": 169
    },
    {
        "bookingid": 165
    },
    {
        "bookingid": 93
    },
    {
        "bookingid": 346
    },
    {
        "bookingid": 185
    },
    {
        "bookingid": 192
    },
    {
        "bookingid": 335
    },
    {
        "bookingid": 203
    },
    {
        "bookingid": 249
    },
    {
        "bookingid": 16
    },
    {
        "bookingid": 372
    },
    {
        "bookingid": 435
    },
    {
        "bookingid": 42
    },
    {
        "bookingid": 350
    },
    {
        "bookingid": 248
    },
    {
        "bookingid": 96
    },
    {
        "bookingid": 417
    },
    {
        "bookingid": 79
    },
    {
        "bookingid": 470
    },
    {
        "bookingid": 384
    },
    {
        "bookingid": 120
    },
    {
        "bookingid": 45
    },
    {
        "bookingid": 310
    },
    {
        "bookingid": 314
    },
    {
        "bookingid": 117
    },
    {
        "bookingid": 105
    },
    {
        "bookingid": 44
    },
    {
        "bookingid": 260
    },
    {
        "bookingid": 287
    },
    {
        "bookingid": 400
    },
    {
        "bookingid": 366
    },
    {
        "bookingid": 491
    },
    {
        "bookingid": 489
    },
    {
        "bookingid": 131
    },
    {
        "bookingid": 97
    },
    {
        "bookingid": 211
    },
    {
        "bookingid": 395
    },
    {
        "bookingid": 429
    },
    {
        "bookingid": 308
    },
    {
        "bookingid": 146
    },
    {
        "bookingid": 156
    },
    {
        "bookingid": 347
    },
    {
        "bookingid": 67
    },
    {
        "bookingid": 123
    },
    {
        "bookingid": 162
    },
    {
        "bookingid": 194
    },
    {
        "bookingid": 467
    },
    {
        "bookingid": 130
    },
    {
        "bookingid": 71
    },
    {
        "bookingid": 407
    },
    {
        "bookingid": 196
    },
    {
        "bookingid": 107
    },
    {
        "bookingid": 434
    },
    {
        "bookingid": 159
    },
    {
        "bookingid": 397
    },
    {
        "bookingid": 118
    },
    {
        "bookingid": 267
    },
    {
        "bookingid": 474
    },
    {
        "bookingid": 424
    },
    {
        "bookingid": 227
    },
    {
        "bookingid": 323
    },
    {
        "bookingid": 454
    },
    {
        "bookingid": 391
    },
    {
        "bookingid": 447
    },
    {
        "bookingid": 50
    },
    {
        "bookingid": 168
    },
    {
        "bookingid": 275
    },
    {
        "bookingid": 98
    },
    {
        "bookingid": 464
    },
    {
        "bookingid": 445
    },
    {
        "bookingid": 312
    },
    {
        "bookingid": 41
    },
    {
        "bookingid": 329
    },
    {
        "bookingid": 472
    },
    {
        "bookingid": 320
    },
    {
        "bookingid": 141
    },
    {
        "bookingid": 264
    },
    {
        "bookingid": 319
    },
    {
        "bookingid": 94
    },
    {
        "bookingid": 340
    },
    {
        "bookingid": 481
    },
    {
        "bookingid": 230
    },
    {
        "bookingid": 290
    },
    {
        "bookingid": 224
    },
    {
        "bookingid": 486
    },
    {
        "bookingid": 265
    },
    {
        "bookingid": 47
    },
    {
        "bookingid": 436
    },
    {
        "bookingid": 153
    },
    {
        "bookingid": 330
    },
    {
        "bookingid": 262
    },
    {
        "bookingid": 225
    },
    {
        "bookingid": 66
    },
    {
        "bookingid": 409
    },
    {
        "bookingid": 448
    },
    {
        "bookingid": 209
    },
    {
        "bookingid": 352
    },
    {
        "bookingid": 129
    },
    {
        "bookingid": 219
    },
    {
        "bookingid": 226
    },
    {
        "bookingid": 337
    },
    {
        "bookingid": 430
    },
    {
        "bookingid": 157
    },
    {
        "bookingid": 263
    },
    {
        "bookingid": 180
    },
    {
        "bookingid": 274
    },
    {
        "bookingid": 73
    },
    {
        "bookingid": 462
    },
    {
        "bookingid": 104
    },
    {
        "bookingid": 360
    },
    {
        "bookingid": 425
    },
    {
        "bookingid": 135
    },
    {
        "bookingid": 193
    },
    {
        "bookingid": 345
    },
    {
        "bookingid": 235
    },
    {
        "bookingid": 207
    },
    {
        "bookingid": 65
    },
    {
        "bookingid": 266
    },
    {
        "bookingid": 11
    },
    {
        "bookingid": 431
    },
    {
        "bookingid": 82
    },
    {
        "bookingid": 35
    },
    {
        "bookingid": 57
    },
    {
        "bookingid": 403
    },
    {
        "bookingid": 85
    },
    {
        "bookingid": 132
    },
    {
        "bookingid": 62
    },
    {
        "bookingid": 416
    },
    {
        "bookingid": 87
    },
    {
        "bookingid": 332
    },
    {
        "bookingid": 278
    },
    {
        "bookingid": 254
    },
    {
        "bookingid": 480
    },
    {
        "bookingid": 427
    },
    {
        "bookingid": 92
    },
    {
        "bookingid": 140
    },
    {
        "bookingid": 26
    },
    {
        "bookingid": 466
    },
    {
        "bookingid": 172
    },
    {
        "bookingid": 408
    },
    {
        "bookingid": 423
    },
    {
        "bookingid": 176
    },
    {
        "bookingid": 246
    },
    {
        "bookingid": 111
    },
    {
        "bookingid": 412
    },
    {
        "bookingid": 386
    },
    {
        "bookingid": 161
    },
    {
        "bookingid": 284
    },
    {
        "bookingid": 382
    },
    {
        "bookingid": 155
    },
    {
        "bookingid": 355
    },
    {
        "bookingid": 184
    },
    {
        "bookingid": 449
    },
    {
        "bookingid": 250
    },
    {
        "bookingid": 273
    },
    {
        "bookingid": 36
    },
    {
        "bookingid": 321
    },
    {
        "bookingid": 402
    },
    {
        "bookingid": 258
    },
    {
        "bookingid": 348
    },
    {
        "bookingid": 158
    },
    {
        "bookingid": 478
    },
    {
        "bookingid": 70
    },
    {
        "bookingid": 143
    },
    {
        "bookingid": 376
    },
    {
        "bookingid": 354
    },
    {
        "bookingid": 179
    },
    {
        "bookingid": 325
    },
    {
        "bookingid": 233
    },
    {
        "bookingid": 5
    },
    {
        "bookingid": 125
    },
    {
        "bookingid": 465
    },
    {
        "bookingid": 90
    },
    {
        "bookingid": 476
    },
    {
        "bookingid": 285
    },
    {
        "bookingid": 379
    },
    {
        "bookingid": 164
    },
    {
        "bookingid": 394
    },
    {
        "bookingid": 358
    },
    {
        "bookingid": 410
    },
    {
        "bookingid": 368
    },
    {
        "bookingid": 108
    },
    {
        "bookingid": 373
    },
    {
        "bookingid": 147
    },
    {
        "bookingid": 399
    },
    {
        "bookingid": 304
    },
    {
        "bookingid": 299
    },
    {
        "bookingid": 186
    },
    {
        "bookingid": 236
    },
    {
        "bookingid": 392
    },
    {
        "bookingid": 344
    },
    {
        "bookingid": 469
    },
    {
        "bookingid": 7
    },
    {
        "bookingid": 253
    },
    {
        "bookingid": 336
    },
    {
        "bookingid": 459
    },
    {
        "bookingid": 261
    },
    {
        "bookingid": 100
    },
    {
        "bookingid": 63
    },
    {
        "bookingid": 365
    },
    {
        "bookingid": 61
    },
    {
        "bookingid": 142
    },
    {
        "bookingid": 247
    },
    {
        "bookingid": 483
    },
    {
        "bookingid": 388
    },
    {
        "bookingid": 138
    },
    {
        "bookingid": 251
    },
    {
        "bookingid": 173
    },
    {
        "bookingid": 419
    },
    {
        "bookingid": 482
    },
    {
        "bookingid": 228
    },
    {
        "bookingid": 151
    },
    {
        "bookingid": 269
    },
    {
        "bookingid": 181
    },
    {
        "bookingid": 484
    },
    {
        "bookingid": 487
    },
    {
        "bookingid": 6
    },
    {
        "bookingid": 428
    },
    {
        "bookingid": 195
    },
    {
        "bookingid": 387
    },
    {
        "bookingid": 437
    },
    {
        "bookingid": 76
    },
    {
        "bookingid": 268
    },
    {
        "bookingid": 463
    },
    {
        "bookingid": 457
    },
    {
        "bookingid": 148
    },
    {
        "bookingid": 381
    },
    {
        "bookingid": 171
    },
    {
        "bookingid": 64
    },
    {
        "bookingid": 237
    },
    {
        "bookingid": 271
    },
    {
        "bookingid": 328
    },
    {
        "bookingid": 296
    },
    {
        "bookingid": 103
    },
    {
        "bookingid": 9
    },
    {
        "bookingid": 210
    },
    {
        "bookingid": 174
    },
    {
        "bookingid": 113
    },
    {
        "bookingid": 293
    },
    {
        "bookingid": 234
    },
    {
        "bookingid": 198
    },
    {
        "bookingid": 30
    },
    {
        "bookingid": 178
    },
    {
        "bookingid": 450
    },
    {
        "bookingid": 378
    },
    {
        "bookingid": 333
    },
    {
        "bookingid": 295
    },
    {
        "bookingid": 364
    },
    {
        "bookingid": 406
    },
    {
        "bookingid": 232
    },
    {
        "bookingid": 201
    },
    {
        "bookingid": 456
    },
    {
        "bookingid": 17
    },
    {
        "bookingid": 390
    },
    {
        "bookingid": 289
    },
    {
        "bookingid": 242
    },
    {
        "bookingid": 78
    },
    {
        "bookingid": 215
    },
    {
        "bookingid": 259
    },
    {
        "bookingid": 324
    },
    {
        "bookingid": 77
    },
    {
        "bookingid": 294
    },
    {
        "bookingid": 244
    },
    {
        "bookingid": 101
    },
    {
        "bookingid": 55
    },
    {
        "bookingid": 206
    },
    {
        "bookingid": 370
    },
    {
        "bookingid": 341
    },
    {
        "bookingid": 22
    },
    {
        "bookingid": 214
    },
    {
        "bookingid": 121
    },
    {
        "bookingid": 281
    },
    {
        "bookingid": 401
    },
    {
        "bookingid": 208
    },
    {
        "bookingid": 343
    },
    {
        "bookingid": 81
    },
    {
        "bookingid": 440
    },
    {
        "bookingid": 216
    },
    {
        "bookingid": 441
    },
    {
        "bookingid": 83
    },
    {
        "bookingid": 292
    },
    {
        "bookingid": 167
    }
]
]]></system-out>
  </testcase>
  <testcase name="checkListBookingIdsFilteringByCheckinCheckoutAndFirstname" classname="br.com.restassuredapitesting.tests.booking.tests.GetBookingTest" time="0.682">
    <system-out><![CDATA[HTTP/1.1 200 OK
Server: Cowboy
Connection: keep-alive
X-Powered-By: Express
Content-Type: application/json; charset=utf-8
Content-Length: 19
Etag: W/"13-sK+6yyd8Vc5DMzWyuBXkoIo17XA"
Date: Sun, 22 May 2022 23:28:53 GMT
Via: 1.1 vegur

[
    {
        "bookingid": 370
    }
]
]]></system-out>
  </testcase>
  <testcase name="healthCheck" classname="br.com.restassuredapitesting.tests.healthcheck.tests.GetHealthcheckTest" time="0.746"/>
  <testcase name="healthCheckWithinThreeSeconds" classname="br.com.restassuredapitesting.tests.healthcheck.tests.GetHealthcheckTest" time="0.731"/>
  <testcase name="checkUserTokenReturn" classname="br.com.restassuredapitesting.tests.auth.tests.PostAuthTest" time="0.732"/>
  <testcase name="checkUpdateBookingWithBasicAuth" classname="br.com.restassuredapitesting.tests.booking.tests.PutBookingTest" time="1.62"/>
  <testcase name="updateBookingWithInvalidToken" classname="br.com.restassuredapitesting.tests.booking.tests.PutBookingTest" time="1.48">
    <system-out><![CDATA[HTTP/1.1 403 Forbidden
Server: Cowboy
Connection: keep-alive
X-Powered-By: Express
Content-Type: text/plain; charset=utf-8
Content-Length: 9
Etag: W/"9-PatfYBLj4Um1qTm5zrukoLhNyPU"
Date: Sun, 22 May 2022 23:28:58 GMT
Via: 1.1 vegur

Forbidden
]]></system-out>
  </testcase>
  <testcase name="updateBookingWithoutToken" classname="br.com.restassuredapitesting.tests.booking.tests.PutBookingTest" time="1.47"/>
  <testcase name="updateNonExistingBooking" classname="br.com.restassuredapitesting.tests.booking.tests.PutBookingTest" time="1.351">
    <system-out><![CDATA[HTTP/1.1 405 Method Not Allowed
Server: Cowboy
Connection: keep-alive
X-Powered-By: Express
Content-Type: text/plain; charset=utf-8
Content-Length: 18
Etag: W/"12-UGJMK66P4abaBlq0vKHJaCKuGCA"
Date: Sun, 22 May 2022 23:29:01 GMT
Via: 1.1 vegur

Method Not Allowed
]]></system-out>
  </testcase>
  <testcase name="checkUpdateBookingWithToken" classname="br.com.restassuredapitesting.tests.booking.tests.PutBookingTest" time="2.196"/>
  <testcase name="createBooking" classname="br.com.restassuredapitesting.tests.booking.tests.PostBookingTest" time="0.756"/>
  <testcase name="createFiveBookingInARow" classname="br.com.restassuredapitesting.tests.booking.tests.PostBookingTest" time="4.348">
    <system-out><![CDATA[HTTP/1.1 200 OK
Server: Cowboy
Connection: keep-alive
X-Powered-By: Express
Content-Type: application/json; charset=utf-8
Content-Length: 199
Etag: W/"c7-2GRxQ8A/Q1JttoMx+DvtkET5EsE"
Date: Sun, 22 May 2022 23:29:05 GMT
Via: 1.1 vegur

{
    "bookingid": 497,
    "booking": {
        "firstname": "Tesha",
        "lastname": "Turner",
        "totalprice": 241,
        "depositpaid": true,
        "bookingdates": {
            "checkin": "2018-01-01",
            "checkout": "2019-01-01"
        },
        "additionalneeds": "Breakfast"
    }
}
HTTP/1.1 200 OK
Server: Cowboy
Connection: keep-alive
X-Powered-By: Express
Content-Type: application/json; charset=utf-8
Content-Length: 199
Etag: W/"c7-3ZzKSenshwJeGKAl6OppfLxCIgE"
Date: Sun, 22 May 2022 23:29:05 GMT
Via: 1.1 vegur

{
    "bookingid": 498,
    "booking": {
        "firstname": "Tesha",
        "lastname": "Turner",
        "totalprice": 241,
        "depositpaid": true,
        "bookingdates": {
            "checkin": "2018-01-01",
            "checkout": "2019-01-01"
        },
        "additionalneeds": "Breakfast"
    }
}
HTTP/1.1 200 OK
Server: Cowboy
Connection: keep-alive
X-Powered-By: Express
Content-Type: application/json; charset=utf-8
Content-Length: 199
Etag: W/"c7-vAH4M/NEbZcBKMZ/KPqcfxf5zuY"
Date: Sun, 22 May 2022 23:29:06 GMT
Via: 1.1 vegur

{
    "bookingid": 499,
    "booking": {
        "firstname": "Tesha",
        "lastname": "Turner",
        "totalprice": 241,
        "depositpaid": true,
        "bookingdates": {
            "checkin": "2018-01-01",
            "checkout": "2019-01-01"
        },
        "additionalneeds": "Breakfast"
    }
}
HTTP/1.1 200 OK
Server: Cowboy
Connection: keep-alive
X-Powered-By: Express
Content-Type: application/json; charset=utf-8
Content-Length: 199
Etag: W/"c7-7J0c/EUDBpCDRacXhF9ktfXCd44"
Date: Sun, 22 May 2022 23:29:07 GMT
Via: 1.1 vegur

{
    "bookingid": 500,
    "booking": {
        "firstname": "Tesha",
        "lastname": "Turner",
        "totalprice": 241,
        "depositpaid": true,
        "bookingdates": {
            "checkin": "2018-01-01",
            "checkout": "2019-01-01"
        },
        "additionalneeds": "Breakfast"
    }
}
HTTP/1.1 200 OK
Server: Cowboy
Connection: keep-alive
X-Powered-By: Express
Content-Type: application/json; charset=utf-8
Content-Length: 199
Etag: W/"c7-4nNBP/65NXluBn9vU0MgPPOC15Q"
Date: Sun, 22 May 2022 23:29:07 GMT
Via: 1.1 vegur

{
    "bookingid": 501,
    "booking": {
        "firstname": "Tesha",
        "lastname": "Turner",
        "totalprice": 241,
        "depositpaid": true,
        "bookingdates": {
            "checkin": "2018-01-01",
            "checkout": "2019-01-01"
        },
        "additionalneeds": "Breakfast"
    }
}
HTTP/1.1 200 OK
Server: Cowboy
Connection: keep-alive
X-Powered-By: Express
Content-Type: application/json; charset=utf-8
Content-Length: 199
Etag: W/"c7-un8DjeIyOA1dn2wmbI6DkhiOH7k"
Date: Sun, 22 May 2022 23:29:08 GMT
Via: 1.1 vegur

{
    "bookingid": 502,
    "booking": {
        "firstname": "Tesha",
        "lastname": "Turner",
        "totalprice": 241,
        "depositpaid": true,
        "bookingdates": {
            "checkin": "2018-01-01",
            "checkout": "2019-01-01"
        },
        "additionalneeds": "Breakfast"
    }
}
]]></system-out>
  </testcase>
  <testcase name="createBookingWithInvalidPayload" classname="br.com.restassuredapitesting.tests.booking.tests.PostBookingTest" time="0.724"/>
  <testcase name="createBookingWithMoreParamsInPayload" classname="br.com.restassuredapitesting.tests.booking.tests.PostBookingTest" time="0.73">
    <system-out><![CDATA[HTTP/1.1 200 OK
Server: Cowboy
Connection: keep-alive
X-Powered-By: Express
Content-Type: application/json; charset=utf-8
Content-Length: 205
Etag: W/"cd-39M8NTjkbHqTZRaV3UrX/6/Gzcs"
Date: Sun, 22 May 2022 23:29:10 GMT
Via: 1.1 vegur

{
    "bookingid": 503,
    "booking": {
        "firstname": "Nonewpar",
        "lastname": "Pravariar",
        "totalprice": 111,
        "depositpaid": true,
        "bookingdates": {
            "checkin": "2018-01-01",
            "checkout": "2019-01-01"
        },
        "additionalneeds": "Breakfast"
    }
}
]]></system-out>
  </testcase>
  <testcase name="deleteBookingWithoutAuth" classname="br.com.restassuredapitesting.tests.booking.tests.DeleteBookingTest" time="1.462"/>
  <testcase name="deleteBooking" classname="br.com.restassuredapitesting.tests.booking.tests.DeleteBookingTest" time="2.179"/>
  <testcase name="deleteNonExistingBooking" classname="br.com.restassuredapitesting.tests.booking.tests.DeleteBookingTest" time="1.448"/>
</testsuite>